{"level":"info","message":"MongoDB Connected: ac-owzdryq-shard-00-00.zcsfvfr.mongodb.net","service":"ecommerce-api","timestamp":"2025-08-30T17:14:14.616Z"}
{"level":"info","message":"🚀 Server running on port 5000 in development mode","service":"ecommerce-api","timestamp":"2025-08-30T17:14:14.627Z"}
{"level":"info","message":"📚 API Documentation available at http://localhost:5000/docs","service":"ecommerce-api","timestamp":"2025-08-30T17:14:14.628Z"}
{"level":"info","message":"🏥 Health check available at http://localhost:5000/health","service":"ecommerce-api","timestamp":"2025-08-30T17:14:14.629Z"}
{"ip":"::1","level":"info","message":"POST /api/v1/auth/login","service":"ecommerce-api","timestamp":"2025-08-30T17:14:24.629Z","userAgent":"PostmanRuntime/7.45.0"}
{"error":"Invalid email or password","ip":"::1","level":"warn","message":"Client Error:","method":"POST","service":"ecommerce-api","statusCode":401,"timestamp":"2025-08-30T17:14:24.695Z","url":"/api/v1/auth/login"}
{"ip":"::1","level":"info","message":"POST /api/v1/auth/register","service":"ecommerce-api","timestamp":"2025-08-30T17:14:39.103Z","userAgent":"PostmanRuntime/7.45.0"}
{"ip":"::1","level":"info","message":"POST /api/v1/auth/login","service":"ecommerce-api","timestamp":"2025-08-30T17:14:48.138Z","userAgent":"PostmanRuntime/7.45.0"}
{"error":"Bad \"options.expiresIn\" option the payload already has an \"exp\" property.","ip":"::1","level":"error","message":"Server Error:","method":"POST","service":"ecommerce-api","stack":"Error: Bad \"options.expiresIn\" option the payload already has an \"exp\" property.\n    at Object.module.exports [as sign] (D:\\E-commerce-live\\backend\\node_modules\\jsonwebtoken\\sign.js:163:20)\n    at Function.generateTokens (D:\\E-commerce-live\\backend\\src\\modules\\auth\\auth.service.ts:179:29)\n    at Function.login (D:\\E-commerce-live\\backend\\src\\modules\\auth\\auth.service.ts:83:25)\n    at login (D:\\E-commerce-live\\backend\\src\\modules\\auth\\auth.controller.ts:43:32)","timestamp":"2025-08-30T17:14:48.651Z","url":"/api/v1/auth/login","userAgent":"PostmanRuntime/7.45.0"}
{"ip":"::1","level":"info","message":"POST /api/v1/auth/login","service":"ecommerce-api","timestamp":"2025-08-30T17:15:11.087Z","userAgent":"PostmanRuntime/7.45.0"}
{"error":"Bad \"options.expiresIn\" option the payload already has an \"exp\" property.","ip":"::1","level":"error","message":"Server Error:","method":"POST","service":"ecommerce-api","stack":"Error: Bad \"options.expiresIn\" option the payload already has an \"exp\" property.\n    at Object.module.exports [as sign] (D:\\E-commerce-live\\backend\\node_modules\\jsonwebtoken\\sign.js:163:20)\n    at Function.generateTokens (D:\\E-commerce-live\\backend\\src\\modules\\auth\\auth.service.ts:179:29)\n    at Function.login (D:\\E-commerce-live\\backend\\src\\modules\\auth\\auth.service.ts:83:25)\n    at login (D:\\E-commerce-live\\backend\\src\\modules\\auth\\auth.controller.ts:43:32)","timestamp":"2025-08-30T17:15:11.610Z","url":"/api/v1/auth/login","userAgent":"PostmanRuntime/7.45.0"}
{"level":"info","message":"Received SIGINT. Starting graceful shutdown...","service":"ecommerce-api","timestamp":"2025-08-30T17:15:16.236Z"}
{"level":"info","message":"MongoDB Connected: ac-owzdryq-shard-00-02.zcsfvfr.mongodb.net","service":"ecommerce-api","timestamp":"2025-08-30T17:15:23.707Z"}
{"level":"info","message":"🚀 Server running on port 5000 in development mode","service":"ecommerce-api","timestamp":"2025-08-30T17:15:23.719Z"}
{"level":"info","message":"📚 API Documentation available at http://localhost:5000/docs","service":"ecommerce-api","timestamp":"2025-08-30T17:15:23.720Z"}
{"level":"info","message":"🏥 Health check available at http://localhost:5000/health","service":"ecommerce-api","timestamp":"2025-08-30T17:15:23.721Z"}
{"ip":"::1","level":"info","message":"POST /api/v1/auth/login","service":"ecommerce-api","timestamp":"2025-08-30T17:15:32.738Z","userAgent":"PostmanRuntime/7.45.0"}
{"error":"Bad \"options.expiresIn\" option the payload already has an \"exp\" property.","ip":"::1","level":"error","message":"Server Error:","method":"POST","service":"ecommerce-api","stack":"Error: Bad \"options.expiresIn\" option the payload already has an \"exp\" property.\n    at Object.module.exports [as sign] (D:\\E-commerce-live\\backend\\node_modules\\jsonwebtoken\\sign.js:163:20)\n    at Function.generateTokens (D:\\E-commerce-live\\backend\\src\\modules\\auth\\auth.service.ts:179:29)\n    at Function.login (D:\\E-commerce-live\\backend\\src\\modules\\auth\\auth.service.ts:83:25)\n    at login (D:\\E-commerce-live\\backend\\src\\modules\\auth\\auth.controller.ts:43:32)","timestamp":"2025-08-30T17:15:33.323Z","url":"/api/v1/auth/login","userAgent":"PostmanRuntime/7.45.0"}
{"ip":"::1","level":"info","message":"POST /api/v1/auth/register","service":"ecommerce-api","timestamp":"2025-08-30T17:16:09.880Z","userAgent":"PostmanRuntime/7.45.0"}
{"ip":"::1","level":"info","message":"POST /api/v1/auth/login","service":"ecommerce-api","timestamp":"2025-08-30T17:16:31.123Z","userAgent":"PostmanRuntime/7.45.0"}
{"error":"Bad \"options.expiresIn\" option the payload already has an \"exp\" property.","ip":"::1","level":"error","message":"Server Error:","method":"POST","service":"ecommerce-api","stack":"Error: Bad \"options.expiresIn\" option the payload already has an \"exp\" property.\n    at Object.module.exports [as sign] (D:\\E-commerce-live\\backend\\node_modules\\jsonwebtoken\\sign.js:163:20)\n    at Function.generateTokens (D:\\E-commerce-live\\backend\\src\\modules\\auth\\auth.service.ts:179:29)\n    at Function.login (D:\\E-commerce-live\\backend\\src\\modules\\auth\\auth.service.ts:83:25)\n    at login (D:\\E-commerce-live\\backend\\src\\modules\\auth\\auth.controller.ts:43:32)","timestamp":"2025-08-30T17:16:31.709Z","url":"/api/v1/auth/login","userAgent":"PostmanRuntime/7.45.0"}
{"level":"warn","message":"MongoDB disconnected","service":"ecommerce-api","timestamp":"2025-08-30T17:19:27.655Z"}
{"level":"info","message":"MongoDB reconnected","service":"ecommerce-api","timestamp":"2025-08-30T17:19:37.905Z"}
{"level":"info","message":"MongoDB Connected: ac-owzdryq-shard-00-00.zcsfvfr.mongodb.net","service":"ecommerce-api","timestamp":"2025-08-30T17:22:08.045Z"}
{"level":"info","message":"🚀 Server running on port 5000 in development mode","service":"ecommerce-api","timestamp":"2025-08-30T17:22:08.057Z"}
{"level":"info","message":"📚 API Documentation available at http://localhost:5000/docs","service":"ecommerce-api","timestamp":"2025-08-30T17:22:08.058Z"}
{"level":"info","message":"🏥 Health check available at http://localhost:5000/health","service":"ecommerce-api","timestamp":"2025-08-30T17:22:08.059Z"}
{"level":"info","message":"MongoDB Connected: ac-owzdryq-shard-00-00.zcsfvfr.mongodb.net","service":"ecommerce-api","timestamp":"2025-08-30T17:22:54.054Z"}
{"level":"info","message":"🚀 Server running on port 5000 in development mode","service":"ecommerce-api","timestamp":"2025-08-30T17:22:54.070Z"}
{"level":"info","message":"📚 API Documentation available at http://localhost:5000/docs","service":"ecommerce-api","timestamp":"2025-08-30T17:22:54.071Z"}
{"level":"info","message":"🏥 Health check available at http://localhost:5000/health","service":"ecommerce-api","timestamp":"2025-08-30T17:22:54.072Z"}
{"level":"info","message":"MongoDB Connected: ac-owzdryq-shard-00-00.zcsfvfr.mongodb.net","service":"ecommerce-api","timestamp":"2025-08-30T17:23:01.890Z"}
{"level":"info","message":"🚀 Server running on port 5000 in development mode","service":"ecommerce-api","timestamp":"2025-08-30T17:23:01.902Z"}
{"level":"info","message":"📚 API Documentation available at http://localhost:5000/docs","service":"ecommerce-api","timestamp":"2025-08-30T17:23:01.903Z"}
{"level":"info","message":"🏥 Health check available at http://localhost:5000/health","service":"ecommerce-api","timestamp":"2025-08-30T17:23:01.904Z"}
{"level":"info","message":"MongoDB Connected: ac-owzdryq-shard-00-00.zcsfvfr.mongodb.net","service":"ecommerce-api","timestamp":"2025-08-30T17:23:20.535Z"}
{"level":"info","message":"🚀 Server running on port 5000 in development mode","service":"ecommerce-api","timestamp":"2025-08-30T17:23:20.545Z"}
{"level":"info","message":"📚 API Documentation available at http://localhost:5000/docs","service":"ecommerce-api","timestamp":"2025-08-30T17:23:20.547Z"}
{"level":"info","message":"🏥 Health check available at http://localhost:5000/health","service":"ecommerce-api","timestamp":"2025-08-30T17:23:20.548Z"}
{"ip":"::1","level":"info","message":"POST /api/v1/auth/login","service":"ecommerce-api","timestamp":"2025-08-30T17:23:44.160Z","userAgent":"PostmanRuntime/7.45.0"}
{"error":"Bad \"options.expiresIn\" option the payload already has an \"exp\" property.","level":"error","message":"Server Error:","method":"POST","service":"ecommerce-api","stack":"Error: Bad \"options.expiresIn\" option the payload already has an \"exp\" property.\n    at Object.module.exports [as sign] (D:\\E-commerce-live\\backend\\node_modules\\jsonwebtoken\\sign.js:163:20)\n    at Function.generateTokens (D:\\E-commerce-live\\backend\\src\\modules\\auth\\auth.service.ts:179:29)\n    at Function.login (D:\\E-commerce-live\\backend\\src\\modules\\auth\\auth.service.ts:83:25)\n    at login (D:\\E-commerce-live\\backend\\src\\modules\\auth\\auth.controller.ts:43:32)","timestamp":"2025-08-30T17:23:44.758Z","url":"/api/v1/auth/login","userAgent":"PostmanRuntime/7.45.0"}
{"level":"info","message":"MongoDB Connected: ac-owzdryq-shard-00-02.zcsfvfr.mongodb.net","service":"ecommerce-api","timestamp":"2025-08-30T17:26:20.662Z"}
{"level":"info","message":"🚀 Server running on port 5000 in development mode","service":"ecommerce-api","timestamp":"2025-08-30T17:26:20.674Z"}
{"level":"info","message":"📚 API Documentation available at http://localhost:5000/docs","service":"ecommerce-api","timestamp":"2025-08-30T17:26:20.675Z"}
{"level":"info","message":"🏥 Health check available at http://localhost:5000/health","service":"ecommerce-api","timestamp":"2025-08-30T17:26:20.676Z"}
{"ip":"::1","level":"info","message":"POST /api/v1/auth/login","service":"ecommerce-api","timestamp":"2025-08-30T17:26:22.079Z","userAgent":"PostmanRuntime/7.45.0"}
{"level":"warn","message":"MongoDB disconnected","service":"ecommerce-api","timestamp":"2025-08-30T17:29:44.244Z"}
{"ip":"::1","level":"info","message":"POST /api/v1/auth/register","service":"ecommerce-api","timestamp":"2025-08-30T17:29:51.573Z","userAgent":"PostmanRuntime/7.45.0"}
{"level":"info","message":"MongoDB reconnected","service":"ecommerce-api","timestamp":"2025-08-30T17:29:51.840Z"}
{"ip":"::1","level":"info","message":"POST /api/v1/auth/login","service":"ecommerce-api","timestamp":"2025-08-30T17:30:08.997Z","userAgent":"PostmanRuntime/7.45.0"}
{"ip":"::1","level":"info","message":"POST /api/v1/auth/forgot-password","service":"ecommerce-api","timestamp":"2025-08-30T17:30:21.606Z","userAgent":"PostmanRuntime/7.45.0"}
{"error":"Failed to send password reset email","level":"error","message":"Server Error:","method":"POST","service":"ecommerce-api","stack":"Error: Failed to send password reset email\n    at Function.sendPasswordResetEmail (D:\\E-commerce-live\\backend\\src\\modules\\auth\\auth.service.ts:298:13)\n    at processTicksAndRejections (node:internal/process/task_queues:105:5)\n    at Function.forgotPassword (D:\\E-commerce-live\\backend\\src\\modules\\auth\\auth.service.ts:242:5)\n    at forgotPassword (D:\\E-commerce-live\\backend\\src\\modules\\auth\\auth.controller.ts:267:7)","timestamp":"2025-08-30T17:30:22.547Z","url":"/api/v1/auth/forgot-password","userAgent":"PostmanRuntime/7.45.0"}
{"level":"info","message":"Received SIGINT. Starting graceful shutdown...","service":"ecommerce-api","timestamp":"2025-08-30T17:34:39.464Z"}
{"level":"info","message":"MongoDB Connected: ac-owzdryq-shard-00-00.zcsfvfr.mongodb.net","service":"ecommerce-api","timestamp":"2025-08-30T17:34:46.469Z"}
{"level":"info","message":"🚀 Server running on port 5000 in development mode","service":"ecommerce-api","timestamp":"2025-08-30T17:34:46.480Z"}
{"level":"info","message":"📚 API Documentation available at http://localhost:5000/docs","service":"ecommerce-api","timestamp":"2025-08-30T17:34:46.481Z"}
{"level":"info","message":"🏥 Health check available at http://localhost:5000/health","service":"ecommerce-api","timestamp":"2025-08-30T17:34:46.482Z"}
{"ip":"::1","level":"info","message":"POST /api/v1/auth/forgot-password","service":"ecommerce-api","timestamp":"2025-08-30T17:35:01.821Z","userAgent":"PostmanRuntime/7.45.0"}
{"ip":"::1","level":"info","message":"POST /api/v1/auth/verify-reset-code","service":"ecommerce-api","timestamp":"2025-08-30T17:35:52.477Z","userAgent":"PostmanRuntime/7.45.0"}
{"ip":"::1","level":"info","message":"POST /api/v1/auth/verify-reset-code","service":"ecommerce-api","timestamp":"2025-08-30T17:36:18.363Z","userAgent":"PostmanRuntime/7.45.0"}
{"ip":"::1","level":"info","message":"POST /api/v1/auth/reset-password-with-code","service":"ecommerce-api","timestamp":"2025-08-30T17:37:00.123Z","userAgent":"PostmanRuntime/7.45.0"}
{"error":"Invalid or expired reset code","level":"warn","message":"Client Error:","method":"POST","service":"ecommerce-api","statusCode":401,"timestamp":"2025-08-30T17:37:00.175Z","url":"/api/v1/auth/reset-password-with-code"}
{"ip":"::1","level":"info","message":"POST /api/v1/auth/reset-password-with-code","service":"ecommerce-api","timestamp":"2025-08-30T17:37:11.638Z","userAgent":"PostmanRuntime/7.45.0"}
{"ip":"::1","level":"info","message":"GET /api/v1/auth/me","service":"ecommerce-api","timestamp":"2025-08-30T17:37:24.300Z","userAgent":"PostmanRuntime/7.45.0"}
{"level":"info","message":"MongoDB Connected: ac-owzdryq-shard-00-00.zcsfvfr.mongodb.net","service":"ecommerce-api","timestamp":"2025-08-30T19:23:41.790Z"}
{"level":"info","message":"🚀 Server running on port 5000 in development mode","service":"ecommerce-api","timestamp":"2025-08-30T19:23:41.805Z"}
{"level":"info","message":"📚 API Documentation available at http://localhost:5000/docs","service":"ecommerce-api","timestamp":"2025-08-30T19:23:41.807Z"}
{"level":"info","message":"🏥 Health check available at http://localhost:5000/health","service":"ecommerce-api","timestamp":"2025-08-30T19:23:41.808Z"}
{"ip":"::1","level":"info","message":"POST /api/v1/products","service":"ecommerce-api","timestamp":"2025-08-30T19:43:21.301Z","userAgent":"PostmanRuntime/7.45.0"}
{"error":"Access token required","level":"warn","message":"Client Error:","method":"POST","service":"ecommerce-api","statusCode":401,"timestamp":"2025-08-30T19:43:21.306Z","url":"/api/v1/products"}
{"ip":"::1","level":"info","message":"POST /api/v1/auth/login","service":"ecommerce-api","timestamp":"2025-08-30T19:44:14.886Z","userAgent":"PostmanRuntime/7.45.0"}
{"error":"Invalid email or password","level":"warn","message":"Client Error:","method":"POST","service":"ecommerce-api","statusCode":401,"timestamp":"2025-08-30T19:44:15.942Z","url":"/api/v1/auth/login"}
{"ip":"::1","level":"info","message":"POST /api/v1/auth/forgot-password","service":"ecommerce-api","timestamp":"2025-08-30T19:44:40.376Z","userAgent":"PostmanRuntime/7.45.0"}
{"ip":"::1","level":"info","message":"POST /api/v1/auth/reset-password","service":"ecommerce-api","timestamp":"2025-08-30T19:45:30.941Z","userAgent":"PostmanRuntime/7.45.0"}
{"error":"Invalid reset token","level":"warn","message":"Client Error:","method":"POST","service":"ecommerce-api","statusCode":401,"timestamp":"2025-08-30T19:45:30.944Z","url":"/api/v1/auth/reset-password"}
{"ip":"::1","level":"info","message":"POST /api/v1/auth/reset-password","service":"ecommerce-api","timestamp":"2025-08-30T19:45:42.253Z","userAgent":"PostmanRuntime/7.45.0"}
{"error":"Invalid reset token","level":"warn","message":"Client Error:","method":"POST","service":"ecommerce-api","statusCode":401,"timestamp":"2025-08-30T19:45:42.255Z","url":"/api/v1/auth/reset-password"}
{"ip":"::1","level":"info","message":"POST /api/v1/auth/reset-password-with-code","service":"ecommerce-api","timestamp":"2025-08-30T19:49:54.623Z","userAgent":"PostmanRuntime/7.45.0"}
{"error":"Cannot read properties of undefined (reading 'toLowerCase')","level":"error","message":"Server Error:","method":"POST","service":"ecommerce-api","stack":"TypeError: Cannot read properties of undefined (reading 'toLowerCase')\n    at Function.resetPasswordWithCode (D:\\E-commerce-live\\backend\\src\\modules\\auth\\auth.service.ts:257:20)\n    at resetPasswordWithCode (D:\\E-commerce-live\\backend\\src\\modules\\auth\\auth.controller.ts:304:25)\n    at Layer.handle [as handle_request] (D:\\E-commerce-live\\backend\\node_modules\\express\\lib\\router\\layer.js:95:5)\n    at next (D:\\E-commerce-live\\backend\\node_modules\\express\\lib\\router\\route.js:149:13)\n    at Route.dispatch (D:\\E-commerce-live\\backend\\node_modules\\express\\lib\\router\\route.js:119:3)\n    at Layer.handle [as handle_request] (D:\\E-commerce-live\\backend\\node_modules\\express\\lib\\router\\layer.js:95:5)\n    at D:\\E-commerce-live\\backend\\node_modules\\express\\lib\\router\\index.js:284:15\n    at Function.process_params (D:\\E-commerce-live\\backend\\node_modules\\express\\lib\\router\\index.js:346:12)\n    at next (D:\\E-commerce-live\\backend\\node_modules\\express\\lib\\router\\index.js:280:10)\n    at Function.handle (D:\\E-commerce-live\\backend\\node_modules\\express\\lib\\router\\index.js:175:3)","timestamp":"2025-08-30T19:49:54.637Z","url":"/api/v1/auth/reset-password-with-code","userAgent":"PostmanRuntime/7.45.0"}
{"ip":"::1","level":"info","message":"POST /api/v1/auth/reset-password-with-code","service":"ecommerce-api","timestamp":"2025-08-30T19:50:42.683Z","userAgent":"PostmanRuntime/7.45.0"}
{"error":"Invalid or expired reset code","level":"warn","message":"Client Error:","method":"POST","service":"ecommerce-api","statusCode":401,"timestamp":"2025-08-30T19:50:42.736Z","url":"/api/v1/auth/reset-password-with-code"}
{"ip":"::1","level":"info","message":"POST /api/v1/auth/reset-password-with-code","service":"ecommerce-api","timestamp":"2025-08-30T19:50:54.911Z","userAgent":"PostmanRuntime/7.45.0"}
{"error":"Invalid or expired reset code","level":"warn","message":"Client Error:","method":"POST","service":"ecommerce-api","statusCode":401,"timestamp":"2025-08-30T19:50:54.964Z","url":"/api/v1/auth/reset-password-with-code"}
{"ip":"::1","level":"info","message":"POST /api/v1/auth/reset-password-with-code","service":"ecommerce-api","timestamp":"2025-08-30T19:50:56.643Z","userAgent":"PostmanRuntime/7.45.0"}
{"error":"Invalid or expired reset code","level":"warn","message":"Client Error:","method":"POST","service":"ecommerce-api","statusCode":401,"timestamp":"2025-08-30T19:50:56.696Z","url":"/api/v1/auth/reset-password-with-code"}
{"ip":"::1","level":"info","message":"POST /api/v1/auth/forgot-password","service":"ecommerce-api","timestamp":"2025-08-30T19:51:14.981Z","userAgent":"PostmanRuntime/7.45.0"}
{"ip":"::1","level":"info","message":"POST /api/v1/auth/reset-password-with-code","service":"ecommerce-api","timestamp":"2025-08-30T19:51:32.069Z","userAgent":"PostmanRuntime/7.45.0"}
{"error":"Invalid or expired reset code","level":"warn","message":"Client Error:","method":"POST","service":"ecommerce-api","statusCode":401,"timestamp":"2025-08-30T19:51:32.120Z","url":"/api/v1/auth/reset-password-with-code"}
{"level":"info","message":"MongoDB Connected: ac-owzdryq-shard-00-01.zcsfvfr.mongodb.net","service":"ecommerce-api","timestamp":"2025-08-30T19:53:17.714Z"}
{"level":"info","message":"🚀 Server running on port 5000 in development mode","service":"ecommerce-api","timestamp":"2025-08-30T19:53:17.725Z"}
{"level":"info","message":"📚 API Documentation available at http://localhost:5000/docs","service":"ecommerce-api","timestamp":"2025-08-30T19:53:17.726Z"}
{"level":"info","message":"🏥 Health check available at http://localhost:5000/health","service":"ecommerce-api","timestamp":"2025-08-30T19:53:17.727Z"}
{"ip":"::1","level":"info","message":"POST /api/v1/auth/reset-password-with-code","service":"ecommerce-api","timestamp":"2025-08-30T19:53:24.534Z","userAgent":"PostmanRuntime/7.45.0"}
{"error":"Cannot read properties of undefined (reading 'trim')","level":"error","message":"Server Error:","method":"POST","service":"ecommerce-api","stack":"TypeError: Cannot read properties of undefined (reading 'trim')\n    at Function.resetPasswordWithCode (D:\\E-commerce-live\\backend\\src\\modules\\auth\\auth.service.ts:262:31)\n    at resetPasswordWithCode (D:\\E-commerce-live\\backend\\src\\modules\\auth\\auth.controller.ts:304:25)\n    at Layer.handle [as handle_request] (D:\\E-commerce-live\\backend\\node_modules\\express\\lib\\router\\layer.js:95:5)\n    at next (D:\\E-commerce-live\\backend\\node_modules\\express\\lib\\router\\route.js:149:13)\n    at Route.dispatch (D:\\E-commerce-live\\backend\\node_modules\\express\\lib\\router\\route.js:119:3)\n    at Layer.handle [as handle_request] (D:\\E-commerce-live\\backend\\node_modules\\express\\lib\\router\\layer.js:95:5)\n    at D:\\E-commerce-live\\backend\\node_modules\\express\\lib\\router\\index.js:284:15\n    at Function.process_params (D:\\E-commerce-live\\backend\\node_modules\\express\\lib\\router\\index.js:346:12)\n    at next (D:\\E-commerce-live\\backend\\node_modules\\express\\lib\\router\\index.js:280:10)\n    at Function.handle (D:\\E-commerce-live\\backend\\node_modules\\express\\lib\\router\\index.js:175:3)","timestamp":"2025-08-30T19:53:24.557Z","url":"/api/v1/auth/reset-password-with-code","userAgent":"PostmanRuntime/7.45.0"}
{"level":"info","message":"MongoDB Connected: ac-owzdryq-shard-00-01.zcsfvfr.mongodb.net","service":"ecommerce-api","timestamp":"2025-08-30T19:54:48.361Z"}
{"level":"info","message":"🚀 Server running on port 5000 in development mode","service":"ecommerce-api","timestamp":"2025-08-30T19:54:48.374Z"}
{"level":"info","message":"📚 API Documentation available at http://localhost:5000/docs","service":"ecommerce-api","timestamp":"2025-08-30T19:54:48.376Z"}
{"level":"info","message":"🏥 Health check available at http://localhost:5000/health","service":"ecommerce-api","timestamp":"2025-08-30T19:54:48.377Z"}
{"ip":"::1","level":"info","message":"POST /api/v1/auth/register","service":"ecommerce-api","timestamp":"2025-08-30T19:55:26.517Z","userAgent":"PostmanRuntime/7.45.0"}
{"error":"Validation failed","level":"warn","message":"Client Error:","method":"POST","service":"ecommerce-api","statusCode":400,"timestamp":"2025-08-30T19:55:26.526Z","url":"/api/v1/auth/register"}
{"ip":"::1","level":"info","message":"POST /api/v1/auth/register","service":"ecommerce-api","timestamp":"2025-08-30T19:55:53.662Z","userAgent":"PostmanRuntime/7.45.0"}
{"error":"Validation failed","level":"warn","message":"Client Error:","method":"POST","service":"ecommerce-api","statusCode":400,"timestamp":"2025-08-30T19:55:53.668Z","url":"/api/v1/auth/register"}
{"ip":"::1","level":"info","message":"POST /api/v1/auth/register","service":"ecommerce-api","timestamp":"2025-08-30T19:55:55.152Z","userAgent":"PostmanRuntime/7.45.0"}
{"error":"Validation failed","level":"warn","message":"Client Error:","method":"POST","service":"ecommerce-api","statusCode":400,"timestamp":"2025-08-30T19:55:55.155Z","url":"/api/v1/auth/register"}
{"ip":"::1","level":"info","message":"POST /api/v1/auth/login","service":"ecommerce-api","timestamp":"2025-08-30T19:56:31.837Z","userAgent":"PostmanRuntime/7.45.0"}
{"error":"Invalid email or password","level":"warn","message":"Client Error:","method":"POST","service":"ecommerce-api","statusCode":401,"timestamp":"2025-08-30T19:56:32.703Z","url":"/api/v1/auth/login"}
{"ip":"::1","level":"info","message":"POST /api/v1/auth/reset-password","service":"ecommerce-api","timestamp":"2025-08-30T19:56:39.873Z","userAgent":"PostmanRuntime/7.45.0"}
{"error":"Invalid reset token","level":"warn","message":"Client Error:","method":"POST","service":"ecommerce-api","statusCode":401,"timestamp":"2025-08-30T19:56:39.876Z","url":"/api/v1/auth/reset-password"}
{"ip":"::1","level":"info","message":"POST /api/v1/auth/register","service":"ecommerce-api","timestamp":"2025-08-30T19:56:56.541Z","userAgent":"PostmanRuntime/7.45.0"}
{"error":"Validation failed","level":"warn","message":"Client Error:","method":"POST","service":"ecommerce-api","statusCode":400,"timestamp":"2025-08-30T19:56:56.543Z","url":"/api/v1/auth/register"}
{"level":"info","message":"MongoDB Connected: ac-owzdryq-shard-00-01.zcsfvfr.mongodb.net","service":"ecommerce-api","timestamp":"2025-08-31T08:07:13.855Z"}
{"level":"info","message":"🚀 Server running on port 5000 in development mode","service":"ecommerce-api","timestamp":"2025-08-31T08:07:13.870Z"}
{"level":"info","message":"📚 API Documentation available at http://localhost:5000/docs","service":"ecommerce-api","timestamp":"2025-08-31T08:07:13.871Z"}
{"level":"info","message":"🏥 Health check available at http://localhost:5000/health","service":"ecommerce-api","timestamp":"2025-08-31T08:07:13.872Z"}
{"ip":"::1","level":"info","message":"POST /api/v1/auth/reset-password-with-code","service":"ecommerce-api","timestamp":"2025-08-31T08:07:51.474Z","userAgent":"PostmanRuntime/7.45.0"}
{"error":"Invalid or expired reset code","level":"warn","message":"Client Error:","method":"POST","service":"ecommerce-api","statusCode":401,"timestamp":"2025-08-31T08:07:51.542Z","url":"/api/v1/auth/reset-password-with-code"}
{"ip":"::1","level":"info","message":"POST /api/v1/auth/forgot-password","service":"ecommerce-api","timestamp":"2025-08-31T08:07:59.513Z","userAgent":"PostmanRuntime/7.45.0"}
{"ip":"::1","level":"info","message":"POST /api/v1/auth/reset-password-with-code","service":"ecommerce-api","timestamp":"2025-08-31T08:08:26.321Z","userAgent":"PostmanRuntime/7.45.0"}
{"ip":"::1","level":"info","message":"POST /api/v1/auth/change-password","service":"ecommerce-api","timestamp":"2025-08-31T08:08:51.012Z","userAgent":"PostmanRuntime/7.45.0"}
{"error":"Access token required","level":"warn","message":"Client Error:","method":"POST","service":"ecommerce-api","statusCode":401,"timestamp":"2025-08-31T08:08:51.015Z","url":"/api/v1/auth/change-password"}
{"ip":"::1","level":"info","message":"POST /api/v1/products","service":"ecommerce-api","timestamp":"2025-08-31T08:09:03.597Z","userAgent":"PostmanRuntime/7.45.0"}
{"error":"Access token required","level":"warn","message":"Client Error:","method":"POST","service":"ecommerce-api","statusCode":401,"timestamp":"2025-08-31T08:09:03.599Z","url":"/api/v1/products"}
{"ip":"::1","level":"info","message":"POST /api/v1/auth/login","service":"ecommerce-api","timestamp":"2025-08-31T08:10:44.337Z","userAgent":"PostmanRuntime/7.45.0"}
{"error":"Invalid email or password","level":"warn","message":"Client Error:","method":"POST","service":"ecommerce-api","statusCode":401,"timestamp":"2025-08-31T08:10:44.863Z","url":"/api/v1/auth/login"}
{"ip":"::1","level":"info","message":"POST /api/v1/auth/login","service":"ecommerce-api","timestamp":"2025-08-31T08:10:54.886Z","userAgent":"PostmanRuntime/7.45.0"}
{"ip":"::1","level":"info","message":"POST /api/v1/products","service":"ecommerce-api","timestamp":"2025-08-31T08:11:10.724Z","userAgent":"PostmanRuntime/7.45.0"}
{"ip":"::1","level":"info","message":"POST /api/v1/products","service":"ecommerce-api","timestamp":"2025-08-31T08:11:36.067Z","userAgent":"PostmanRuntime/7.45.0"}
{"ip":"::1","level":"info","message":"POST /api/v1/products","service":"ecommerce-api","timestamp":"2025-08-31T08:11:58.672Z","userAgent":"PostmanRuntime/7.45.0"}
{"level":"info","message":"MongoDB Connected: ac-owzdryq-shard-00-01.zcsfvfr.mongodb.net","service":"ecommerce-api","timestamp":"2025-08-31T08:12:37.811Z"}
{"level":"info","message":"🚀 Server running on port 5000 in development mode","service":"ecommerce-api","timestamp":"2025-08-31T08:12:37.823Z"}
{"level":"info","message":"📚 API Documentation available at http://localhost:5000/docs","service":"ecommerce-api","timestamp":"2025-08-31T08:12:37.824Z"}
{"level":"info","message":"🏥 Health check available at http://localhost:5000/health","service":"ecommerce-api","timestamp":"2025-08-31T08:12:37.825Z"}
{"level":"info","message":"MongoDB Connected: ac-owzdryq-shard-00-01.zcsfvfr.mongodb.net","service":"ecommerce-api","timestamp":"2025-08-31T08:12:48.460Z"}
{"level":"info","message":"🚀 Server running on port 5000 in development mode","service":"ecommerce-api","timestamp":"2025-08-31T08:12:48.469Z"}
{"level":"info","message":"📚 API Documentation available at http://localhost:5000/docs","service":"ecommerce-api","timestamp":"2025-08-31T08:12:48.471Z"}
{"level":"info","message":"🏥 Health check available at http://localhost:5000/health","service":"ecommerce-api","timestamp":"2025-08-31T08:12:48.471Z"}
{"ip":"::1","level":"info","message":"POST /api/v1/products","service":"ecommerce-api","timestamp":"2025-08-31T08:13:04.133Z","userAgent":"PostmanRuntime/7.45.0"}
{"level":"info","message":"MongoDB Connected: ac-owzdryq-shard-00-02.zcsfvfr.mongodb.net","service":"ecommerce-api","timestamp":"2025-08-31T08:14:46.241Z"}
{"level":"info","message":"🚀 Server running on port 5000 in development mode","service":"ecommerce-api","timestamp":"2025-08-31T08:14:46.252Z"}
{"level":"info","message":"📚 API Documentation available at http://localhost:5000/docs","service":"ecommerce-api","timestamp":"2025-08-31T08:14:46.254Z"}
{"level":"info","message":"🏥 Health check available at http://localhost:5000/health","service":"ecommerce-api","timestamp":"2025-08-31T08:14:46.255Z"}
{"level":"info","message":"MongoDB Connected: ac-owzdryq-shard-00-01.zcsfvfr.mongodb.net","service":"ecommerce-api","timestamp":"2025-08-31T08:19:24.616Z"}
{"level":"info","message":"🚀 Server running on port 5000 in development mode","service":"ecommerce-api","timestamp":"2025-08-31T08:19:24.626Z"}
{"level":"info","message":"📚 API Documentation available at http://localhost:5000/docs","service":"ecommerce-api","timestamp":"2025-08-31T08:19:24.627Z"}
{"level":"info","message":"🏥 Health check available at http://localhost:5000/health","service":"ecommerce-api","timestamp":"2025-08-31T08:19:24.628Z"}
{"ip":"::1","level":"info","message":"POST /api/v1/products","service":"ecommerce-api","timestamp":"2025-08-31T08:19:36.040Z","userAgent":"PostmanRuntime/7.45.0"}
{"level":"error","message":"Uncaught Exception: errors_1.BadRequestError is not a constructor","service":"ecommerce-api","stack":"TypeError: errors_1.BadRequestError is not a constructor\n    at D:\\E-commerce-live\\backend\\src\\modules\\uploads\\upload.service.ts:47:20\n    at D:\\E-commerce-live\\backend\\node_modules\\cloudinary\\lib\\utils\\index.js:1354:14\n    at IncomingMessage.<anonymous> (D:\\E-commerce-live\\backend\\node_modules\\cloudinary\\lib\\uploader.js:510:9)\n    at IncomingMessage.emit (node:events:530:35)\n    at endReadableNT (node:internal/streams/readable:1698:12)\n    at processTicksAndRejections (node:internal/process/task_queues:90:21)","timestamp":"2025-08-31T08:19:39.397Z"}
{"level":"info","message":"MongoDB Connected: ac-owzdryq-shard-00-02.zcsfvfr.mongodb.net","service":"ecommerce-api","timestamp":"2025-08-31T08:20:36.546Z"}
{"level":"info","message":"🚀 Server running on port 5000 in development mode","service":"ecommerce-api","timestamp":"2025-08-31T08:20:36.560Z"}
{"level":"info","message":"📚 API Documentation available at http://localhost:5000/docs","service":"ecommerce-api","timestamp":"2025-08-31T08:20:36.562Z"}
{"level":"info","message":"🏥 Health check available at http://localhost:5000/health","service":"ecommerce-api","timestamp":"2025-08-31T08:20:36.563Z"}
{"ip":"::1","level":"info","message":"POST /api/v1/products","service":"ecommerce-api","timestamp":"2025-08-31T08:20:40.373Z","userAgent":"PostmanRuntime/7.45.0"}
{"level":"error","message":"Uncaught Exception: errors_1.default is not a constructor","service":"ecommerce-api","stack":"TypeError: errors_1.default is not a constructor\n    at D:\\E-commerce-live\\backend\\src\\modules\\uploads\\upload.service.ts:51:20\n    at D:\\E-commerce-live\\backend\\node_modules\\cloudinary\\lib\\utils\\index.js:1354:14\n    at IncomingMessage.<anonymous> (D:\\E-commerce-live\\backend\\node_modules\\cloudinary\\lib\\uploader.js:510:9)\n    at IncomingMessage.emit (node:events:530:35)\n    at endReadableNT (node:internal/streams/readable:1698:12)\n    at processTicksAndRejections (node:internal/process/task_queues:90:21)","timestamp":"2025-08-31T08:20:43.933Z"}
{"level":"info","message":"MongoDB Connected: ac-owzdryq-shard-00-00.zcsfvfr.mongodb.net","service":"ecommerce-api","timestamp":"2025-08-31T08:23:11.602Z"}
{"level":"info","message":"🚀 Server running on port 5000 in development mode","service":"ecommerce-api","timestamp":"2025-08-31T08:23:11.612Z"}
{"level":"info","message":"📚 API Documentation available at http://localhost:5000/docs","service":"ecommerce-api","timestamp":"2025-08-31T08:23:11.613Z"}
{"level":"info","message":"🏥 Health check available at http://localhost:5000/health","service":"ecommerce-api","timestamp":"2025-08-31T08:23:11.615Z"}
{"level":"info","message":"MongoDB Connected: ac-owzdryq-shard-00-00.zcsfvfr.mongodb.net","service":"ecommerce-api","timestamp":"2025-08-31T08:23:56.476Z"}
{"level":"info","message":"🚀 Server running on port 5000 in development mode","service":"ecommerce-api","timestamp":"2025-08-31T08:23:56.485Z"}
{"level":"info","message":"📚 API Documentation available at http://localhost:5000/docs","service":"ecommerce-api","timestamp":"2025-08-31T08:23:56.486Z"}
{"level":"info","message":"🏥 Health check available at http://localhost:5000/health","service":"ecommerce-api","timestamp":"2025-08-31T08:23:56.487Z"}
{"ip":"::1","level":"info","message":"POST /api/v1/products","service":"ecommerce-api","timestamp":"2025-08-31T08:24:06.479Z","userAgent":"PostmanRuntime/7.45.0"}
{"level":"error","message":"Uncaught Exception: errors_1.default is not a constructor","service":"ecommerce-api","stack":"TypeError: errors_1.default is not a constructor\n    at D:\\E-commerce-live\\backend\\src\\modules\\uploads\\upload.service.ts:51:20\n    at D:\\E-commerce-live\\backend\\node_modules\\cloudinary\\lib\\utils\\index.js:1354:14\n    at IncomingMessage.<anonymous> (D:\\E-commerce-live\\backend\\node_modules\\cloudinary\\lib\\uploader.js:510:9)\n    at IncomingMessage.emit (node:events:530:35)\n    at endReadableNT (node:internal/streams/readable:1698:12)\n    at processTicksAndRejections (node:internal/process/task_queues:90:21)","timestamp":"2025-08-31T08:24:10.203Z"}
{"level":"info","message":"MongoDB Connected: ac-owzdryq-shard-00-02.zcsfvfr.mongodb.net","service":"ecommerce-api","timestamp":"2025-08-31T08:24:56.300Z"}
{"level":"info","message":"🚀 Server running on port 5000 in development mode","service":"ecommerce-api","timestamp":"2025-08-31T08:24:56.310Z"}
{"level":"info","message":"📚 API Documentation available at http://localhost:5000/docs","service":"ecommerce-api","timestamp":"2025-08-31T08:24:56.311Z"}
{"level":"info","message":"🏥 Health check available at http://localhost:5000/health","service":"ecommerce-api","timestamp":"2025-08-31T08:24:56.311Z"}
{"level":"info","message":"MongoDB Connected: ac-owzdryq-shard-00-01.zcsfvfr.mongodb.net","service":"ecommerce-api","timestamp":"2025-08-31T08:25:32.220Z"}
{"level":"info","message":"🚀 Server running on port 5000 in development mode","service":"ecommerce-api","timestamp":"2025-08-31T08:25:32.230Z"}
{"level":"info","message":"📚 API Documentation available at http://localhost:5000/docs","service":"ecommerce-api","timestamp":"2025-08-31T08:25:32.233Z"}
{"level":"info","message":"🏥 Health check available at http://localhost:5000/health","service":"ecommerce-api","timestamp":"2025-08-31T08:25:32.234Z"}
{"level":"info","message":"MongoDB Connected: ac-owzdryq-shard-00-02.zcsfvfr.mongodb.net","service":"ecommerce-api","timestamp":"2025-08-31T08:26:41.689Z"}
{"level":"info","message":"🚀 Server running on port 5000 in development mode","service":"ecommerce-api","timestamp":"2025-08-31T08:26:41.701Z"}
{"level":"info","message":"📚 API Documentation available at http://localhost:5000/docs","service":"ecommerce-api","timestamp":"2025-08-31T08:26:41.702Z"}
{"level":"info","message":"🏥 Health check available at http://localhost:5000/health","service":"ecommerce-api","timestamp":"2025-08-31T08:26:41.703Z"}
{"ip":"::1","level":"info","message":"POST /api/v1/products","service":"ecommerce-api","timestamp":"2025-08-31T08:26:44.997Z","userAgent":"PostmanRuntime/7.45.0"}
{"error":"Invalid token","level":"warn","message":"Client Error:","method":"POST","service":"ecommerce-api","statusCode":401,"timestamp":"2025-08-31T08:26:45.005Z","url":"/api/v1/products"}
{"ip":"::1","level":"info","message":"POST /api/v1/auth/login","service":"ecommerce-api","timestamp":"2025-08-31T08:28:05.048Z","userAgent":"PostmanRuntime/7.45.0"}
{"ip":"::1","level":"info","message":"POST /api/v1/products","service":"ecommerce-api","timestamp":"2025-08-31T08:29:20.767Z","userAgent":"PostmanRuntime/7.45.0"}
{"level":"error","message":"Uncaught Exception: errors_1.BadRequestError is not a constructor","service":"ecommerce-api","stack":"TypeError: errors_1.BadRequestError is not a constructor\n    at D:\\E-commerce-live\\backend\\src\\modules\\uploads\\upload.service.ts:51:20\n    at D:\\E-commerce-live\\backend\\node_modules\\cloudinary\\lib\\utils\\index.js:1354:14\n    at IncomingMessage.<anonymous> (D:\\E-commerce-live\\backend\\node_modules\\cloudinary\\lib\\uploader.js:510:9)\n    at IncomingMessage.emit (node:events:530:35)\n    at endReadableNT (node:internal/streams/readable:1698:12)\n    at processTicksAndRejections (node:internal/process/task_queues:90:21)","timestamp":"2025-08-31T08:29:24.422Z"}
{"level":"info","message":"MongoDB Connected: ac-owzdryq-shard-00-02.zcsfvfr.mongodb.net","service":"ecommerce-api","timestamp":"2025-08-31T08:29:50.783Z"}
{"level":"info","message":"🚀 Server running on port 5000 in development mode","service":"ecommerce-api","timestamp":"2025-08-31T08:29:50.795Z"}
{"level":"info","message":"📚 API Documentation available at http://localhost:5000/docs","service":"ecommerce-api","timestamp":"2025-08-31T08:29:50.796Z"}
{"level":"info","message":"🏥 Health check available at http://localhost:5000/health","service":"ecommerce-api","timestamp":"2025-08-31T08:29:50.797Z"}
{"level":"info","message":"MongoDB Connected: ac-owzdryq-shard-00-00.zcsfvfr.mongodb.net","service":"ecommerce-api","timestamp":"2025-08-31T08:30:02.887Z"}
{"level":"info","message":"🚀 Server running on port 5000 in development mode","service":"ecommerce-api","timestamp":"2025-08-31T08:30:02.897Z"}
{"level":"info","message":"📚 API Documentation available at http://localhost:5000/docs","service":"ecommerce-api","timestamp":"2025-08-31T08:30:02.898Z"}
{"level":"info","message":"🏥 Health check available at http://localhost:5000/health","service":"ecommerce-api","timestamp":"2025-08-31T08:30:02.899Z"}
{"level":"info","message":"MongoDB Connected: ac-owzdryq-shard-00-02.zcsfvfr.mongodb.net","service":"ecommerce-api","timestamp":"2025-08-31T08:30:37.065Z"}
{"level":"info","message":"🚀 Server running on port 5000 in development mode","service":"ecommerce-api","timestamp":"2025-08-31T08:30:37.076Z"}
{"level":"info","message":"📚 API Documentation available at http://localhost:5000/docs","service":"ecommerce-api","timestamp":"2025-08-31T08:30:37.077Z"}
{"level":"info","message":"🏥 Health check available at http://localhost:5000/health","service":"ecommerce-api","timestamp":"2025-08-31T08:30:37.078Z"}
{"ip":"::1","level":"info","message":"POST /api/v1/products","service":"ecommerce-api","timestamp":"2025-08-31T08:30:39.721Z","userAgent":"PostmanRuntime/7.45.0"}
{"level":"error","message":"Uncaught Exception: errors_1.BadRequestError is not a constructor","service":"ecommerce-api","stack":"TypeError: errors_1.BadRequestError is not a constructor\n    at D:\\E-commerce-live\\backend\\src\\modules\\uploads\\upload.service.ts:51:20\n    at D:\\E-commerce-live\\backend\\node_modules\\cloudinary\\lib\\utils\\index.js:1354:14\n    at IncomingMessage.<anonymous> (D:\\E-commerce-live\\backend\\node_modules\\cloudinary\\lib\\uploader.js:510:9)\n    at IncomingMessage.emit (node:events:530:35)\n    at endReadableNT (node:internal/streams/readable:1698:12)\n    at processTicksAndRejections (node:internal/process/task_queues:90:21)","timestamp":"2025-08-31T08:30:42.984Z"}
{"level":"info","message":"MongoDB Connected: ac-owzdryq-shard-00-02.zcsfvfr.mongodb.net","service":"ecommerce-api","timestamp":"2025-08-31T09:02:24.261Z"}
{"level":"info","message":"🚀 Server running on port 5000 in development mode","service":"ecommerce-api","timestamp":"2025-08-31T09:02:24.272Z"}
{"level":"info","message":"📚 API Documentation available at http://localhost:5000/docs","service":"ecommerce-api","timestamp":"2025-08-31T09:02:24.273Z"}
{"level":"info","message":"🏥 Health check available at http://localhost:5000/health","service":"ecommerce-api","timestamp":"2025-08-31T09:02:24.274Z"}
{"level":"info","message":"MongoDB Connected: ac-owzdryq-shard-00-00.zcsfvfr.mongodb.net","service":"ecommerce-api","timestamp":"2025-08-31T09:02:39.901Z"}
{"level":"info","message":"🚀 Server running on port 5000 in development mode","service":"ecommerce-api","timestamp":"2025-08-31T09:02:39.911Z"}
{"level":"info","message":"📚 API Documentation available at http://localhost:5000/docs","service":"ecommerce-api","timestamp":"2025-08-31T09:02:39.912Z"}
{"level":"info","message":"🏥 Health check available at http://localhost:5000/health","service":"ecommerce-api","timestamp":"2025-08-31T09:02:39.914Z"}
{"level":"info","message":"MongoDB Connected: ac-owzdryq-shard-00-02.zcsfvfr.mongodb.net","service":"ecommerce-api","timestamp":"2025-08-31T09:03:09.245Z"}
{"level":"info","message":"🚀 Server running on port 5000 in development mode","service":"ecommerce-api","timestamp":"2025-08-31T09:03:09.254Z"}
{"level":"info","message":"📚 API Documentation available at http://localhost:5000/docs","service":"ecommerce-api","timestamp":"2025-08-31T09:03:09.255Z"}
{"level":"info","message":"🏥 Health check available at http://localhost:5000/health","service":"ecommerce-api","timestamp":"2025-08-31T09:03:09.256Z"}
{"ip":"::1","level":"info","message":"POST /api/v1/products","service":"ecommerce-api","timestamp":"2025-08-31T09:03:14.834Z","userAgent":"PostmanRuntime/7.45.0"}
{"error":"Invalid token","level":"warn","message":"Client Error:","method":"POST","service":"ecommerce-api","statusCode":401,"timestamp":"2025-08-31T09:03:14.843Z","url":"/api/v1/products"}
{"ip":"::1","level":"info","message":"POST /api/v1/products","service":"ecommerce-api","timestamp":"2025-08-31T09:04:14.643Z","userAgent":"PostmanRuntime/7.45.0"}
{"error":"Invalid token","level":"warn","message":"Client Error:","method":"POST","service":"ecommerce-api","statusCode":401,"timestamp":"2025-08-31T09:04:14.648Z","url":"/api/v1/products"}
{"ip":"::1","level":"info","message":"POST /api/v1/products","service":"ecommerce-api","timestamp":"2025-08-31T09:06:19.692Z","userAgent":"PostmanRuntime/7.45.0"}
{"error":"Invalid token","level":"warn","message":"Client Error:","method":"POST","service":"ecommerce-api","statusCode":401,"timestamp":"2025-08-31T09:06:19.697Z","url":"/api/v1/products"}
{"level":"info","message":"MongoDB Connected: ac-owzdryq-shard-00-00.zcsfvfr.mongodb.net","service":"ecommerce-api","timestamp":"2025-08-31T09:07:19.641Z"}
{"level":"info","message":"🚀 Server running on port 5000 in development mode","service":"ecommerce-api","timestamp":"2025-08-31T09:07:19.652Z"}
{"level":"info","message":"📚 API Documentation available at http://localhost:5000/docs","service":"ecommerce-api","timestamp":"2025-08-31T09:07:19.653Z"}
{"level":"info","message":"🏥 Health check available at http://localhost:5000/health","service":"ecommerce-api","timestamp":"2025-08-31T09:07:19.655Z"}
{"ip":"::1","level":"info","message":"POST /api/v1/products","service":"ecommerce-api","timestamp":"2025-08-31T09:07:27.744Z","userAgent":"PostmanRuntime/7.45.0"}
{"error":"Invalid token","level":"warn","message":"Client Error:","method":"POST","service":"ecommerce-api","statusCode":401,"timestamp":"2025-08-31T09:07:27.752Z","url":"/api/v1/products"}
{"ip":"::1","level":"info","message":"POST /api/v1/products","service":"ecommerce-api","timestamp":"2025-08-31T09:07:33.292Z","userAgent":"PostmanRuntime/7.45.0"}
{"error":"Invalid token","level":"warn","message":"Client Error:","method":"POST","service":"ecommerce-api","statusCode":401,"timestamp":"2025-08-31T09:07:33.296Z","url":"/api/v1/products"}
{"ip":"::1","level":"info","message":"POST /api/v1/products","service":"ecommerce-api","timestamp":"2025-08-31T09:07:35.984Z","userAgent":"PostmanRuntime/7.45.0"}
{"error":"Invalid token","level":"warn","message":"Client Error:","method":"POST","service":"ecommerce-api","statusCode":401,"timestamp":"2025-08-31T09:07:35.989Z","url":"/api/v1/products"}
{"level":"info","message":"MongoDB Connected: ac-owzdryq-shard-00-00.zcsfvfr.mongodb.net","service":"ecommerce-api","timestamp":"2025-08-31T09:08:04.885Z"}
{"level":"info","message":"🚀 Server running on port 5000 in development mode","service":"ecommerce-api","timestamp":"2025-08-31T09:08:04.899Z"}
{"level":"info","message":"📚 API Documentation available at http://localhost:5000/docs","service":"ecommerce-api","timestamp":"2025-08-31T09:08:04.901Z"}
{"level":"info","message":"🏥 Health check available at http://localhost:5000/health","service":"ecommerce-api","timestamp":"2025-08-31T09:08:04.903Z"}
{"ip":"::1","level":"info","message":"POST /api/v1/products","service":"ecommerce-api","timestamp":"2025-08-31T09:08:05.573Z","userAgent":"PostmanRuntime/7.45.0"}
{"error":"Unexpected field","level":"error","message":"Server Error:","method":"POST","service":"ecommerce-api","stack":"MulterError: Unexpected field\n    at wrappedFileFilter (D:\\E-commerce-live\\backend\\node_modules\\multer\\index.js:40:19)\n    at Multipart.<anonymous> (D:\\E-commerce-live\\backend\\node_modules\\multer\\lib\\make-middleware.js:109:7)\n    at Multipart.emit (node:events:518:28)\n    at HeaderParser.cb (D:\\E-commerce-live\\backend\\node_modules\\busboy\\lib\\types\\multipart.js:358:14)\n    at HeaderParser.push (D:\\E-commerce-live\\backend\\node_modules\\busboy\\lib\\types\\multipart.js:162:20)\n    at SBMH.ssCb [as _cb] (D:\\E-commerce-live\\backend\\node_modules\\busboy\\lib\\types\\multipart.js:394:37)\n    at feed (D:\\E-commerce-live\\backend\\node_modules\\streamsearch\\lib\\sbmh.js:248:10)\n    at SBMH.push (D:\\E-commerce-live\\backend\\node_modules\\streamsearch\\lib\\sbmh.js:104:16)\n    at Multipart._write (D:\\E-commerce-live\\backend\\node_modules\\busboy\\lib\\types\\multipart.js:567:19)\n    at writeOrBuffer (node:internal/streams/writable:572:12)","timestamp":"2025-08-31T09:08:05.584Z","url":"/api/v1/products","userAgent":"PostmanRuntime/7.45.0"}
{"level":"info","message":"MongoDB Connected: ac-owzdryq-shard-00-00.zcsfvfr.mongodb.net","service":"ecommerce-api","timestamp":"2025-08-31T09:08:26.402Z"}
{"level":"info","message":"🚀 Server running on port 5000 in development mode","service":"ecommerce-api","timestamp":"2025-08-31T09:08:26.412Z"}
{"level":"info","message":"📚 API Documentation available at http://localhost:5000/docs","service":"ecommerce-api","timestamp":"2025-08-31T09:08:26.413Z"}
{"level":"info","message":"🏥 Health check available at http://localhost:5000/health","service":"ecommerce-api","timestamp":"2025-08-31T09:08:26.414Z"}
{"ip":"::1","level":"info","message":"POST /api/v1/products","service":"ecommerce-api","timestamp":"2025-08-31T09:08:41.358Z","userAgent":"PostmanRuntime/7.45.0"}
{"error":"Invalid token","level":"warn","message":"Client Error:","method":"POST","service":"ecommerce-api","statusCode":401,"timestamp":"2025-08-31T09:08:41.365Z","url":"/api/v1/products"}
{"level":"info","message":"MongoDB Connected: ac-owzdryq-shard-00-01.zcsfvfr.mongodb.net","service":"ecommerce-api","timestamp":"2025-08-31T14:20:58.989Z"}
{"level":"info","message":"🚀 Server running on port 5000 in development mode","service":"ecommerce-api","timestamp":"2025-08-31T14:20:59.001Z"}
{"level":"info","message":"📚 API Documentation available at http://localhost:5000/docs","service":"ecommerce-api","timestamp":"2025-08-31T14:20:59.002Z"}
{"level":"info","message":"🏥 Health check available at http://localhost:5000/health","service":"ecommerce-api","timestamp":"2025-08-31T14:20:59.004Z"}
{"ip":"::1","level":"info","message":"POST /api/v1/auth/login","service":"ecommerce-api","timestamp":"2025-08-31T14:21:36.942Z","userAgent":"PostmanRuntime/7.45.0"}
{"ip":"::1","level":"info","message":"POST /api/v1/products","service":"ecommerce-api","timestamp":"2025-08-31T14:22:12.729Z","userAgent":"PostmanRuntime/7.45.0"}
{"error":"Unexpected field","level":"error","message":"Server Error:","method":"POST","service":"ecommerce-api","stack":"MulterError: Unexpected field\n    at wrappedFileFilter (D:\\E-commerce-live\\backend\\node_modules\\multer\\index.js:40:19)\n    at Multipart.<anonymous> (D:\\E-commerce-live\\backend\\node_modules\\multer\\lib\\make-middleware.js:109:7)\n    at Multipart.emit (node:events:518:28)\n    at HeaderParser.cb (D:\\E-commerce-live\\backend\\node_modules\\busboy\\lib\\types\\multipart.js:358:14)\n    at HeaderParser.push (D:\\E-commerce-live\\backend\\node_modules\\busboy\\lib\\types\\multipart.js:162:20)\n    at SBMH.ssCb [as _cb] (D:\\E-commerce-live\\backend\\node_modules\\busboy\\lib\\types\\multipart.js:394:37)\n    at feed (D:\\E-commerce-live\\backend\\node_modules\\streamsearch\\lib\\sbmh.js:200:10)\n    at SBMH.push (D:\\E-commerce-live\\backend\\node_modules\\streamsearch\\lib\\sbmh.js:104:16)\n    at Multipart._write (D:\\E-commerce-live\\backend\\node_modules\\busboy\\lib\\types\\multipart.js:567:19)\n    at writeOrBuffer (node:internal/streams/writable:572:12)","timestamp":"2025-08-31T14:22:12.906Z","url":"/api/v1/products","userAgent":"PostmanRuntime/7.45.0"}
{"ip":"::1","level":"info","message":"POST /api/v1/products","service":"ecommerce-api","timestamp":"2025-08-31T14:25:32.690Z","userAgent":"PostmanRuntime/7.45.0"}
{"error":"Unexpected field","level":"error","message":"Server Error:","method":"POST","service":"ecommerce-api","stack":"MulterError: Unexpected field\n    at wrappedFileFilter (D:\\E-commerce-live\\backend\\node_modules\\multer\\index.js:40:19)\n    at Multipart.<anonymous> (D:\\E-commerce-live\\backend\\node_modules\\multer\\lib\\make-middleware.js:109:7)\n    at Multipart.emit (node:events:518:28)\n    at HeaderParser.cb (D:\\E-commerce-live\\backend\\node_modules\\busboy\\lib\\types\\multipart.js:358:14)\n    at HeaderParser.push (D:\\E-commerce-live\\backend\\node_modules\\busboy\\lib\\types\\multipart.js:162:20)\n    at SBMH.ssCb [as _cb] (D:\\E-commerce-live\\backend\\node_modules\\busboy\\lib\\types\\multipart.js:394:37)\n    at feed (D:\\E-commerce-live\\backend\\node_modules\\streamsearch\\lib\\sbmh.js:200:10)\n    at SBMH.push (D:\\E-commerce-live\\backend\\node_modules\\streamsearch\\lib\\sbmh.js:104:16)\n    at Multipart._write (D:\\E-commerce-live\\backend\\node_modules\\busboy\\lib\\types\\multipart.js:567:19)\n    at writeOrBuffer (node:internal/streams/writable:572:12)","timestamp":"2025-08-31T14:25:32.748Z","url":"/api/v1/products","userAgent":"PostmanRuntime/7.45.0"}
{"level":"info","message":"MongoDB Connected: ac-owzdryq-shard-00-02.zcsfvfr.mongodb.net","service":"ecommerce-api","timestamp":"2025-08-31T14:27:07.018Z"}
{"level":"info","message":"🚀 Server running on port 5000 in development mode","service":"ecommerce-api","timestamp":"2025-08-31T14:27:07.030Z"}
{"level":"info","message":"📚 API Documentation available at http://localhost:5000/docs","service":"ecommerce-api","timestamp":"2025-08-31T14:27:07.031Z"}
{"level":"info","message":"🏥 Health check available at http://localhost:5000/health","service":"ecommerce-api","timestamp":"2025-08-31T14:27:07.033Z"}
{"ip":"::1","level":"info","message":"POST /api/v1/products","service":"ecommerce-api","timestamp":"2025-08-31T14:27:15.135Z","userAgent":"PostmanRuntime/7.45.0"}
{"error":"Unexpected field","level":"error","message":"Server Error:","method":"POST","service":"ecommerce-api","stack":"MulterError: Unexpected field\n    at wrappedFileFilter (D:\\E-commerce-live\\backend\\node_modules\\multer\\index.js:40:19)\n    at Multipart.<anonymous> (D:\\E-commerce-live\\backend\\node_modules\\multer\\lib\\make-middleware.js:109:7)\n    at Multipart.emit (node:events:518:28)\n    at HeaderParser.cb (D:\\E-commerce-live\\backend\\node_modules\\busboy\\lib\\types\\multipart.js:358:14)\n    at HeaderParser.push (D:\\E-commerce-live\\backend\\node_modules\\busboy\\lib\\types\\multipart.js:162:20)\n    at SBMH.ssCb [as _cb] (D:\\E-commerce-live\\backend\\node_modules\\busboy\\lib\\types\\multipart.js:394:37)\n    at feed (D:\\E-commerce-live\\backend\\node_modules\\streamsearch\\lib\\sbmh.js:248:10)\n    at SBMH.push (D:\\E-commerce-live\\backend\\node_modules\\streamsearch\\lib\\sbmh.js:104:16)\n    at Multipart._write (D:\\E-commerce-live\\backend\\node_modules\\busboy\\lib\\types\\multipart.js:567:19)\n    at writeOrBuffer (node:internal/streams/writable:572:12)","timestamp":"2025-08-31T14:27:15.212Z","url":"/api/v1/products","userAgent":"PostmanRuntime/7.45.0"}
{"level":"info","message":"MongoDB Connected: ac-owzdryq-shard-00-00.zcsfvfr.mongodb.net","service":"ecommerce-api","timestamp":"2025-08-31T14:28:30.476Z"}
{"level":"info","message":"🚀 Server running on port 5000 in development mode","service":"ecommerce-api","timestamp":"2025-08-31T14:28:30.490Z"}
{"level":"info","message":"📚 API Documentation available at http://localhost:5000/docs","service":"ecommerce-api","timestamp":"2025-08-31T14:28:30.491Z"}
{"level":"info","message":"🏥 Health check available at http://localhost:5000/health","service":"ecommerce-api","timestamp":"2025-08-31T14:28:30.492Z"}
{"level":"info","message":"MongoDB Connected: ac-owzdryq-shard-00-01.zcsfvfr.mongodb.net","service":"ecommerce-api","timestamp":"2025-08-31T14:28:51.367Z"}
{"level":"info","message":"🚀 Server running on port 5000 in development mode","service":"ecommerce-api","timestamp":"2025-08-31T14:28:51.379Z"}
{"level":"info","message":"📚 API Documentation available at http://localhost:5000/docs","service":"ecommerce-api","timestamp":"2025-08-31T14:28:51.380Z"}
{"level":"info","message":"🏥 Health check available at http://localhost:5000/health","service":"ecommerce-api","timestamp":"2025-08-31T14:28:51.381Z"}
{"level":"info","message":"MongoDB Connected: ac-owzdryq-shard-00-02.zcsfvfr.mongodb.net","service":"ecommerce-api","timestamp":"2025-08-31T14:29:09.457Z"}
{"level":"info","message":"🚀 Server running on port 5000 in development mode","service":"ecommerce-api","timestamp":"2025-08-31T14:29:09.469Z"}
{"level":"info","message":"📚 API Documentation available at http://localhost:5000/docs","service":"ecommerce-api","timestamp":"2025-08-31T14:29:09.471Z"}
{"level":"info","message":"🏥 Health check available at http://localhost:5000/health","service":"ecommerce-api","timestamp":"2025-08-31T14:29:09.472Z"}
{"ip":"::1","level":"info","message":"POST /api/v1/products","service":"ecommerce-api","timestamp":"2025-08-31T14:29:10.803Z","userAgent":"PostmanRuntime/7.45.0"}
{"error":"Unexpected field","level":"error","message":"Server Error:","method":"POST","service":"ecommerce-api","stack":"MulterError: Unexpected field\n    at wrappedFileFilter (D:\\E-commerce-live\\backend\\node_modules\\multer\\index.js:40:19)\n    at Multipart.<anonymous> (D:\\E-commerce-live\\backend\\node_modules\\multer\\lib\\make-middleware.js:109:7)\n    at Multipart.emit (node:events:518:28)\n    at HeaderParser.cb (D:\\E-commerce-live\\backend\\node_modules\\busboy\\lib\\types\\multipart.js:358:14)\n    at HeaderParser.push (D:\\E-commerce-live\\backend\\node_modules\\busboy\\lib\\types\\multipart.js:162:20)\n    at SBMH.ssCb [as _cb] (D:\\E-commerce-live\\backend\\node_modules\\busboy\\lib\\types\\multipart.js:394:37)\n    at feed (D:\\E-commerce-live\\backend\\node_modules\\streamsearch\\lib\\sbmh.js:248:10)\n    at SBMH.push (D:\\E-commerce-live\\backend\\node_modules\\streamsearch\\lib\\sbmh.js:104:16)\n    at Multipart._write (D:\\E-commerce-live\\backend\\node_modules\\busboy\\lib\\types\\multipart.js:567:19)\n    at writeOrBuffer (node:internal/streams/writable:572:12)","timestamp":"2025-08-31T14:29:10.894Z","url":"/api/v1/products","userAgent":"PostmanRuntime/7.45.0"}
{"level":"info","message":"MongoDB Connected: ac-owzdryq-shard-00-01.zcsfvfr.mongodb.net","service":"ecommerce-api","timestamp":"2025-08-31T14:29:47.897Z"}
{"level":"info","message":"🚀 Server running on port 5000 in development mode","service":"ecommerce-api","timestamp":"2025-08-31T14:29:47.910Z"}
{"level":"info","message":"📚 API Documentation available at http://localhost:5000/docs","service":"ecommerce-api","timestamp":"2025-08-31T14:29:47.911Z"}
{"level":"info","message":"🏥 Health check available at http://localhost:5000/health","service":"ecommerce-api","timestamp":"2025-08-31T14:29:47.912Z"}
{"level":"warn","message":"MongoDB disconnected","service":"ecommerce-api","timestamp":"2025-08-31T14:34:27.200Z"}
{"level":"info","message":"MongoDB reconnected","service":"ecommerce-api","timestamp":"2025-08-31T14:34:37.356Z"}
{"level":"info","message":"MongoDB Connected: ac-owzdryq-shard-00-01.zcsfvfr.mongodb.net","service":"ecommerce-api","timestamp":"2025-08-31T14:41:31.317Z"}
{"level":"info","message":"🚀 Server running on port 5000 in development mode","service":"ecommerce-api","timestamp":"2025-08-31T14:41:31.327Z"}
{"level":"info","message":"📚 API Documentation available at http://localhost:5000/docs","service":"ecommerce-api","timestamp":"2025-08-31T14:41:31.328Z"}
{"level":"info","message":"🏥 Health check available at http://localhost:5000/health","service":"ecommerce-api","timestamp":"2025-08-31T14:41:31.329Z"}
{"ip":"::1","level":"info","message":"POST /api/v1/orders/guest-cod","service":"ecommerce-api","timestamp":"2025-08-31T14:41:35.995Z","userAgent":"PostmanRuntime/7.45.0"}
{"ip":"::1","level":"info","message":"POST /api/v1/products","service":"ecommerce-api","timestamp":"2025-08-31T14:42:28.972Z","userAgent":"PostmanRuntime/7.45.0"}
{"error":"Invalid token","level":"warn","message":"Client Error:","method":"POST","service":"ecommerce-api","statusCode":401,"timestamp":"2025-08-31T14:42:28.978Z","url":"/api/v1/products"}
{"ip":"::1","level":"info","message":"POST /api/v1/auth/login","service":"ecommerce-api","timestamp":"2025-08-31T14:42:52.963Z","userAgent":"PostmanRuntime/7.45.0"}
{"ip":"::1","level":"info","message":"POST /api/v1/products","service":"ecommerce-api","timestamp":"2025-08-31T14:43:34.566Z","userAgent":"PostmanRuntime/7.45.0"}
{"error":"Unexpected field","level":"error","message":"Server Error:","method":"POST","service":"ecommerce-api","stack":"MulterError: Unexpected field\n    at wrappedFileFilter (D:\\E-commerce-live\\backend\\node_modules\\multer\\index.js:40:19)\n    at Multipart.<anonymous> (D:\\E-commerce-live\\backend\\node_modules\\multer\\lib\\make-middleware.js:109:7)\n    at Multipart.emit (node:events:518:28)\n    at HeaderParser.cb (D:\\E-commerce-live\\backend\\node_modules\\busboy\\lib\\types\\multipart.js:358:14)\n    at HeaderParser.push (D:\\E-commerce-live\\backend\\node_modules\\busboy\\lib\\types\\multipart.js:162:20)\n    at SBMH.ssCb [as _cb] (D:\\E-commerce-live\\backend\\node_modules\\busboy\\lib\\types\\multipart.js:394:37)\n    at feed (D:\\E-commerce-live\\backend\\node_modules\\streamsearch\\lib\\sbmh.js:248:10)\n    at SBMH.push (D:\\E-commerce-live\\backend\\node_modules\\streamsearch\\lib\\sbmh.js:104:16)\n    at Multipart._write (D:\\E-commerce-live\\backend\\node_modules\\busboy\\lib\\types\\multipart.js:567:19)\n    at writeOrBuffer (node:internal/streams/writable:572:12)","timestamp":"2025-08-31T14:43:34.622Z","url":"/api/v1/products","userAgent":"PostmanRuntime/7.45.0"}
{"level":"info","message":"MongoDB Connected: ac-owzdryq-shard-00-02.zcsfvfr.mongodb.net","service":"ecommerce-api","timestamp":"2025-08-31T14:47:44.148Z"}
{"level":"info","message":"🚀 Server running on port 5000 in development mode","service":"ecommerce-api","timestamp":"2025-08-31T14:47:44.157Z"}
{"level":"info","message":"📚 API Documentation available at http://localhost:5000/docs","service":"ecommerce-api","timestamp":"2025-08-31T14:47:44.158Z"}
{"level":"info","message":"🏥 Health check available at http://localhost:5000/health","service":"ecommerce-api","timestamp":"2025-08-31T14:47:44.160Z"}
{"ip":"::1","level":"info","message":"POST /api/v1/products","service":"ecommerce-api","timestamp":"2025-08-31T14:47:45.045Z","userAgent":"PostmanRuntime/7.45.0"}
{"error":"Unexpected field","level":"error","message":"Server Error:","method":"POST","service":"ecommerce-api","stack":"MulterError: Unexpected field\n    at wrappedFileFilter (D:\\E-commerce-live\\backend\\node_modules\\multer\\index.js:40:19)\n    at Multipart.<anonymous> (D:\\E-commerce-live\\backend\\node_modules\\multer\\lib\\make-middleware.js:109:7)\n    at Multipart.emit (node:events:518:28)\n    at HeaderParser.cb (D:\\E-commerce-live\\backend\\node_modules\\busboy\\lib\\types\\multipart.js:358:14)\n    at HeaderParser.push (D:\\E-commerce-live\\backend\\node_modules\\busboy\\lib\\types\\multipart.js:162:20)\n    at SBMH.ssCb [as _cb] (D:\\E-commerce-live\\backend\\node_modules\\busboy\\lib\\types\\multipart.js:394:37)\n    at feed (D:\\E-commerce-live\\backend\\node_modules\\streamsearch\\lib\\sbmh.js:248:10)\n    at SBMH.push (D:\\E-commerce-live\\backend\\node_modules\\streamsearch\\lib\\sbmh.js:104:16)\n    at Multipart._write (D:\\E-commerce-live\\backend\\node_modules\\busboy\\lib\\types\\multipart.js:567:19)\n    at writeOrBuffer (node:internal/streams/writable:572:12)","timestamp":"2025-08-31T14:47:45.141Z","url":"/api/v1/products","userAgent":"PostmanRuntime/7.45.0"}
{"level":"info","message":"MongoDB Connected: ac-owzdryq-shard-00-02.zcsfvfr.mongodb.net","service":"ecommerce-api","timestamp":"2025-08-31T14:48:05.389Z"}
{"level":"info","message":"🚀 Server running on port 5000 in development mode","service":"ecommerce-api","timestamp":"2025-08-31T14:48:05.399Z"}
{"level":"info","message":"📚 API Documentation available at http://localhost:5000/docs","service":"ecommerce-api","timestamp":"2025-08-31T14:48:05.400Z"}
{"level":"info","message":"🏥 Health check available at http://localhost:5000/health","service":"ecommerce-api","timestamp":"2025-08-31T14:48:05.401Z"}
{"level":"info","message":"MongoDB Connected: ac-owzdryq-shard-00-00.zcsfvfr.mongodb.net","service":"ecommerce-api","timestamp":"2025-08-31T14:51:37.913Z"}
{"level":"info","message":"🚀 Server running on port 5000 in development mode","service":"ecommerce-api","timestamp":"2025-08-31T14:51:37.923Z"}
{"level":"info","message":"📚 API Documentation available at http://localhost:5000/docs","service":"ecommerce-api","timestamp":"2025-08-31T14:51:37.925Z"}
{"level":"info","message":"🏥 Health check available at http://localhost:5000/health","service":"ecommerce-api","timestamp":"2025-08-31T14:51:37.926Z"}
{"level":"info","message":"MongoDB Connected: ac-owzdryq-shard-00-01.zcsfvfr.mongodb.net","service":"ecommerce-api","timestamp":"2025-08-31T14:51:54.675Z"}
{"level":"info","message":"🚀 Server running on port 5000 in development mode","service":"ecommerce-api","timestamp":"2025-08-31T14:51:54.686Z"}
{"level":"info","message":"📚 API Documentation available at http://localhost:5000/docs","service":"ecommerce-api","timestamp":"2025-08-31T14:51:54.687Z"}
{"level":"info","message":"🏥 Health check available at http://localhost:5000/health","service":"ecommerce-api","timestamp":"2025-08-31T14:51:54.688Z"}
{"ip":"::1","level":"info","message":"POST /api/v1/products","service":"ecommerce-api","timestamp":"2025-08-31T14:52:06.200Z","userAgent":"PostmanRuntime/7.45.0"}
{"error":"Unexpected field","level":"error","message":"Server Error:","method":"POST","service":"ecommerce-api","stack":"MulterError: Unexpected field\n    at wrappedFileFilter (D:\\E-commerce-live\\backend\\node_modules\\multer\\index.js:40:19)\n    at Multipart.<anonymous> (D:\\E-commerce-live\\backend\\node_modules\\multer\\lib\\make-middleware.js:109:7)\n    at Multipart.emit (node:events:518:28)\n    at HeaderParser.cb (D:\\E-commerce-live\\backend\\node_modules\\busboy\\lib\\types\\multipart.js:358:14)\n    at HeaderParser.push (D:\\E-commerce-live\\backend\\node_modules\\busboy\\lib\\types\\multipart.js:162:20)\n    at SBMH.ssCb [as _cb] (D:\\E-commerce-live\\backend\\node_modules\\busboy\\lib\\types\\multipart.js:394:37)\n    at feed (D:\\E-commerce-live\\backend\\node_modules\\streamsearch\\lib\\sbmh.js:248:10)\n    at SBMH.push (D:\\E-commerce-live\\backend\\node_modules\\streamsearch\\lib\\sbmh.js:104:16)\n    at Multipart._write (D:\\E-commerce-live\\backend\\node_modules\\busboy\\lib\\types\\multipart.js:567:19)\n    at writeOrBuffer (node:internal/streams/writable:572:12)","timestamp":"2025-08-31T14:52:06.287Z","url":"/api/v1/products","userAgent":"PostmanRuntime/7.45.0"}
{"ip":"::1","level":"info","message":"POST /api/v1/products","service":"ecommerce-api","timestamp":"2025-08-31T14:52:07.763Z","userAgent":"PostmanRuntime/7.45.0"}
{"error":"Unexpected field","level":"error","message":"Server Error:","method":"POST","service":"ecommerce-api","stack":"MulterError: Unexpected field\n    at wrappedFileFilter (D:\\E-commerce-live\\backend\\node_modules\\multer\\index.js:40:19)\n    at Multipart.<anonymous> (D:\\E-commerce-live\\backend\\node_modules\\multer\\lib\\make-middleware.js:109:7)\n    at Multipart.emit (node:events:518:28)\n    at HeaderParser.cb (D:\\E-commerce-live\\backend\\node_modules\\busboy\\lib\\types\\multipart.js:358:14)\n    at HeaderParser.push (D:\\E-commerce-live\\backend\\node_modules\\busboy\\lib\\types\\multipart.js:162:20)\n    at SBMH.ssCb [as _cb] (D:\\E-commerce-live\\backend\\node_modules\\busboy\\lib\\types\\multipart.js:394:37)\n    at feed (D:\\E-commerce-live\\backend\\node_modules\\streamsearch\\lib\\sbmh.js:200:10)\n    at SBMH.push (D:\\E-commerce-live\\backend\\node_modules\\streamsearch\\lib\\sbmh.js:104:16)\n    at Multipart._write (D:\\E-commerce-live\\backend\\node_modules\\busboy\\lib\\types\\multipart.js:567:19)\n    at writeOrBuffer (node:internal/streams/writable:572:12)","timestamp":"2025-08-31T14:52:07.818Z","url":"/api/v1/products","userAgent":"PostmanRuntime/7.45.0"}
{"ip":"::1","level":"info","message":"POST /api/v1/products","service":"ecommerce-api","timestamp":"2025-08-31T14:53:10.235Z","userAgent":"PostmanRuntime/7.45.0"}
{"ip":"::1","level":"info","message":"POST /api/v1/products","service":"ecommerce-api","timestamp":"2025-08-31T14:53:34.150Z","userAgent":"PostmanRuntime/7.45.0"}
{"ip":"::1","level":"info","message":"POST /api/v1/products","service":"ecommerce-api","timestamp":"2025-08-31T14:53:58.578Z","userAgent":"PostmanRuntime/7.45.0"}
{"ip":"::1","level":"info","message":"POST /api/v1/products","service":"ecommerce-api","timestamp":"2025-08-31T14:54:10.764Z","userAgent":"PostmanRuntime/7.45.0"}
{"ip":"::1","level":"info","message":"POST /api/v1/products","service":"ecommerce-api","timestamp":"2025-08-31T14:54:29.424Z","userAgent":"PostmanRuntime/7.45.0"}
{"ip":"::1","level":"info","message":"POST /api/v1/products","service":"ecommerce-api","timestamp":"2025-08-31T14:54:46.159Z","userAgent":"PostmanRuntime/7.45.0"}
{"ip":"::1","level":"info","message":"POST /api/v1/products","service":"ecommerce-api","timestamp":"2025-08-31T14:55:02.876Z","userAgent":"PostmanRuntime/7.45.0"}
{"level":"warn","message":"MongoDB disconnected","service":"ecommerce-api","timestamp":"2025-08-31T15:02:07.102Z"}
{"level":"info","message":"MongoDB reconnected","service":"ecommerce-api","timestamp":"2025-08-31T15:02:16.848Z"}
{"ip":"::1","level":"info","message":"POST /api/v1/products","service":"ecommerce-api","timestamp":"2025-08-31T15:02:51.678Z","userAgent":"PostmanRuntime/7.45.0"}
{"error":"Invalid token","level":"warn","message":"Client Error:","method":"POST","service":"ecommerce-api","statusCode":401,"timestamp":"2025-08-31T15:02:51.682Z","url":"/api/v1/products"}
{"ip":"::1","level":"info","message":"POST /api/v1/products","service":"ecommerce-api","timestamp":"2025-08-31T15:03:00.296Z","userAgent":"PostmanRuntime/7.45.0"}
{"error":"Invalid token","level":"warn","message":"Client Error:","method":"POST","service":"ecommerce-api","statusCode":401,"timestamp":"2025-08-31T15:03:00.299Z","url":"/api/v1/products"}
{"ip":"::1","level":"info","message":"POST /api/v1/auth/login","service":"ecommerce-api","timestamp":"2025-08-31T15:03:14.391Z","userAgent":"PostmanRuntime/7.45.0"}
{"ip":"::1","level":"info","message":"POST /api/v1/products","service":"ecommerce-api","timestamp":"2025-08-31T15:03:38.603Z","userAgent":"PostmanRuntime/7.45.0"}
{"level":"info","message":"MongoDB Connected: ac-owzdryq-shard-00-01.zcsfvfr.mongodb.net","service":"ecommerce-api","timestamp":"2025-08-31T15:04:12.949Z"}
{"level":"info","message":"🚀 Server running on port 5000 in development mode","service":"ecommerce-api","timestamp":"2025-08-31T15:04:12.964Z"}
{"level":"info","message":"📚 API Documentation available at http://localhost:5000/docs","service":"ecommerce-api","timestamp":"2025-08-31T15:04:12.965Z"}
{"level":"info","message":"🏥 Health check available at http://localhost:5000/health","service":"ecommerce-api","timestamp":"2025-08-31T15:04:12.966Z"}
{"ip":"::1","level":"info","message":"POST /api/v1/products","service":"ecommerce-api","timestamp":"2025-08-31T15:04:15.196Z","userAgent":"PostmanRuntime/7.45.0"}
{"ip":"::1","level":"info","message":"POST /api/v1/products","service":"ecommerce-api","timestamp":"2025-08-31T15:04:35.885Z","userAgent":"PostmanRuntime/7.45.0"}
{"ip":"::1","level":"info","message":"POST /api/v1/products","service":"ecommerce-api","timestamp":"2025-08-31T15:04:59.993Z","userAgent":"PostmanRuntime/7.45.0"}
{"level":"info","message":"MongoDB Connected: ac-owzdryq-shard-00-01.zcsfvfr.mongodb.net","service":"ecommerce-api","timestamp":"2025-08-31T15:05:13.586Z"}
{"level":"info","message":"🚀 Server running on port 5000 in development mode","service":"ecommerce-api","timestamp":"2025-08-31T15:05:13.598Z"}
{"level":"info","message":"📚 API Documentation available at http://localhost:5000/docs","service":"ecommerce-api","timestamp":"2025-08-31T15:05:13.599Z"}
{"level":"info","message":"🏥 Health check available at http://localhost:5000/health","service":"ecommerce-api","timestamp":"2025-08-31T15:05:13.599Z"}
